2018-10-29 14:05:02,079 0      [           main] DEBUG ache.ibatis.logging.LogFactory  - Logging initialized using 'class org.apache.ibatis.logging.log4j.Log4jImpl' adapter.
2018-10-29 14:05:02,606 527    [           main] DEBUG source.pooled.PooledDataSource  - PooledDataSource forcefully closed/removed all connections.
2018-10-29 14:05:02,606 527    [           main] DEBUG source.pooled.PooledDataSource  - PooledDataSource forcefully closed/removed all connections.
2018-10-29 14:05:02,606 527    [           main] DEBUG source.pooled.PooledDataSource  - PooledDataSource forcefully closed/removed all connections.
2018-10-29 14:05:02,606 527    [           main] DEBUG source.pooled.PooledDataSource  - PooledDataSource forcefully closed/removed all connections.
2018-10-29 14:05:02,782 703    [           main] DEBUG ansaction.jdbc.JdbcTransaction  - Opening JDBC Connection
2018-10-29 14:05:03,760 1681   [           main] DEBUG source.pooled.PooledDataSource  - Created connection 136393487.
2018-10-29 14:05:03,761 1682   [           main] DEBUG ansaction.jdbc.JdbcTransaction  - Setting autocommit to false on JDBC Connection [com.mysql.jdbc.JDBC4Connection@821330f]
2018-10-29 14:05:03,782 1703   [           main] DEBUG  cn.gandan.dao.UserDao.findAll  - ==>  Preparing: SELECT * FROM USER 
2018-10-29 14:05:03,872 1793   [           main] DEBUG  cn.gandan.dao.UserDao.findAll  - ==> Parameters: 
2018-10-29 14:05:04,023 1944   [           main] DEBUG  cn.gandan.dao.UserDao.findAll  - <==      Total: 6
2018-10-29 14:06:00,034 0      [           main] DEBUG ache.ibatis.logging.LogFactory  - Logging initialized using 'class org.apache.ibatis.logging.log4j.Log4jImpl' adapter.
2018-10-29 14:06:00,151 117    [           main] DEBUG source.pooled.PooledDataSource  - PooledDataSource forcefully closed/removed all connections.
2018-10-29 14:06:00,151 117    [           main] DEBUG source.pooled.PooledDataSource  - PooledDataSource forcefully closed/removed all connections.
2018-10-29 14:06:00,151 117    [           main] DEBUG source.pooled.PooledDataSource  - PooledDataSource forcefully closed/removed all connections.
2018-10-29 14:06:00,151 117    [           main] DEBUG source.pooled.PooledDataSource  - PooledDataSource forcefully closed/removed all connections.
2018-10-29 14:06:00,244 210    [           main] DEBUG ansaction.jdbc.JdbcTransaction  - Opening JDBC Connection
2018-10-29 14:06:00,502 468    [           main] DEBUG source.pooled.PooledDataSource  - Created connection 136393487.
2018-10-29 14:06:00,502 468    [           main] DEBUG ansaction.jdbc.JdbcTransaction  - Setting autocommit to false on JDBC Connection [com.mysql.jdbc.JDBC4Connection@821330f]
2018-10-29 14:06:00,505 471    [           main] DEBUG  cn.gandan.dao.UserDao.findAll  - ==>  Preparing: SELECT * FROM USER 
2018-10-29 14:06:00,562 528    [           main] DEBUG  cn.gandan.dao.UserDao.findAll  - ==> Parameters: 
2018-10-29 14:06:00,591 557    [           main] DEBUG  cn.gandan.dao.UserDao.findAll  - <==      Total: 6
2018-10-29 14:06:00,592 558    [           main] DEBUG ansaction.jdbc.JdbcTransaction  - Resetting autocommit to true on JDBC Connection [com.mysql.jdbc.JDBC4Connection@821330f]
2018-10-29 14:06:00,600 566    [           main] DEBUG ansaction.jdbc.JdbcTransaction  - Closing JDBC Connection [com.mysql.jdbc.JDBC4Connection@821330f]
2018-10-29 14:06:00,600 566    [           main] DEBUG source.pooled.PooledDataSource  - Returned connection 136393487 to pool.
2018-10-29 14:34:25,080 0      [           main] DEBUG ache.ibatis.logging.LogFactory  - Logging initialized using 'class org.apache.ibatis.logging.log4j.Log4jImpl' adapter.
2018-10-29 14:34:25,328 248    [           main] DEBUG source.pooled.PooledDataSource  - PooledDataSource forcefully closed/removed all connections.
2018-10-29 14:34:25,328 248    [           main] DEBUG source.pooled.PooledDataSource  - PooledDataSource forcefully closed/removed all connections.
2018-10-29 14:34:25,328 248    [           main] DEBUG source.pooled.PooledDataSource  - PooledDataSource forcefully closed/removed all connections.
2018-10-29 14:34:25,328 248    [           main] DEBUG source.pooled.PooledDataSource  - PooledDataSource forcefully closed/removed all connections.
2018-10-29 14:34:25,421 341    [           main] DEBUG ansaction.jdbc.JdbcTransaction  - Opening JDBC Connection
2018-10-29 14:34:25,699 619    [           main] DEBUG source.pooled.PooledDataSource  - Created connection 684566052.
2018-10-29 14:34:25,699 619    [           main] DEBUG ansaction.jdbc.JdbcTransaction  - Setting autocommit to false on JDBC Connection [com.mysql.jdbc.JDBC4Connection@28cda624]
2018-10-29 14:34:25,701 621    [           main] DEBUG  cn.gandan.dao.UserDao.findAll  - ==>  Preparing: SELECT * FROM USER 
2018-10-29 14:34:25,760 680    [           main] DEBUG  cn.gandan.dao.UserDao.findAll  - ==> Parameters: 
2018-10-29 14:34:25,787 707    [           main] DEBUG  cn.gandan.dao.UserDao.findAll  - <==      Total: 6
2018-10-29 14:34:25,793 713    [           main] DEBUG ansaction.jdbc.JdbcTransaction  - Resetting autocommit to true on JDBC Connection [com.mysql.jdbc.JDBC4Connection@28cda624]
2018-10-29 14:34:25,794 714    [           main] DEBUG ansaction.jdbc.JdbcTransaction  - Closing JDBC Connection [com.mysql.jdbc.JDBC4Connection@28cda624]
2018-10-29 14:34:25,794 714    [           main] DEBUG source.pooled.PooledDataSource  - Returned connection 684566052 to pool.
2018-10-29 14:37:46,151 0      [           main] DEBUG ache.ibatis.logging.LogFactory  - Logging initialized using 'class org.apache.ibatis.logging.log4j.Log4jImpl' adapter.
2018-10-29 14:37:46,300 149    [           main] DEBUG source.pooled.PooledDataSource  - PooledDataSource forcefully closed/removed all connections.
2018-10-29 14:37:46,300 149    [           main] DEBUG source.pooled.PooledDataSource  - PooledDataSource forcefully closed/removed all connections.
2018-10-29 14:37:46,301 150    [           main] DEBUG source.pooled.PooledDataSource  - PooledDataSource forcefully closed/removed all connections.
2018-10-29 14:37:46,301 150    [           main] DEBUG source.pooled.PooledDataSource  - PooledDataSource forcefully closed/removed all connections.
2018-10-29 14:37:46,406 255    [           main] DEBUG ansaction.jdbc.JdbcTransaction  - Opening JDBC Connection
2018-10-29 14:37:46,797 646    [           main] DEBUG source.pooled.PooledDataSource  - Created connection 684566052.
2018-10-29 14:37:46,798 647    [           main] DEBUG ansaction.jdbc.JdbcTransaction  - Setting autocommit to false on JDBC Connection [com.mysql.jdbc.JDBC4Connection@28cda624]
2018-10-29 14:37:46,802 651    [           main] DEBUG  cn.gandan.dao.UserDao.findAll  - ==>  Preparing: SELECT * FROM USER 
2018-10-29 14:37:46,863 712    [           main] DEBUG  cn.gandan.dao.UserDao.findAll  - ==> Parameters: 
2018-10-29 14:37:46,889 738    [           main] DEBUG  cn.gandan.dao.UserDao.findAll  - <==      Total: 6
2018-10-29 14:37:46,895 744    [           main] DEBUG ansaction.jdbc.JdbcTransaction  - Resetting autocommit to true on JDBC Connection [com.mysql.jdbc.JDBC4Connection@28cda624]
2018-10-29 14:37:46,896 745    [           main] DEBUG ansaction.jdbc.JdbcTransaction  - Closing JDBC Connection [com.mysql.jdbc.JDBC4Connection@28cda624]
2018-10-29 14:37:46,897 746    [           main] DEBUG source.pooled.PooledDataSource  - Returned connection 684566052 to pool.
2018-10-29 14:39:31,845 0      [           main] DEBUG ache.ibatis.logging.LogFactory  - Logging initialized using 'class org.apache.ibatis.logging.log4j.Log4jImpl' adapter.
2018-10-29 14:39:31,977 132    [           main] DEBUG source.pooled.PooledDataSource  - PooledDataSource forcefully closed/removed all connections.
2018-10-29 14:39:31,978 133    [           main] DEBUG source.pooled.PooledDataSource  - PooledDataSource forcefully closed/removed all connections.
2018-10-29 14:39:31,978 133    [           main] DEBUG source.pooled.PooledDataSource  - PooledDataSource forcefully closed/removed all connections.
2018-10-29 14:39:31,978 133    [           main] DEBUG source.pooled.PooledDataSource  - PooledDataSource forcefully closed/removed all connections.
2018-10-29 14:39:32,071 226    [           main] DEBUG ansaction.jdbc.JdbcTransaction  - Opening JDBC Connection
2018-10-29 14:39:32,341 496    [           main] DEBUG source.pooled.PooledDataSource  - Created connection 684566052.
2018-10-29 14:39:32,341 496    [           main] DEBUG ansaction.jdbc.JdbcTransaction  - Setting autocommit to false on JDBC Connection [com.mysql.jdbc.JDBC4Connection@28cda624]
2018-10-29 14:39:32,343 498    [           main] DEBUG  cn.gandan.dao.UserDao.findAll  - ==>  Preparing: SELECT * FROM USER 
2018-10-29 14:39:32,389 544    [           main] DEBUG  cn.gandan.dao.UserDao.findAll  - ==> Parameters: 
2018-10-29 14:39:32,438 593    [           main] DEBUG  cn.gandan.dao.UserDao.findAll  - <==      Total: 6
2018-10-29 14:39:32,448 603    [           main] DEBUG ansaction.jdbc.JdbcTransaction  - Resetting autocommit to true on JDBC Connection [com.mysql.jdbc.JDBC4Connection@28cda624]
2018-10-29 14:39:32,449 604    [           main] DEBUG ansaction.jdbc.JdbcTransaction  - Closing JDBC Connection [com.mysql.jdbc.JDBC4Connection@28cda624]
2018-10-29 14:39:32,449 604    [           main] DEBUG source.pooled.PooledDataSource  - Returned connection 684566052 to pool.
2018-10-29 14:42:01,632 0      [           main] DEBUG ache.ibatis.logging.LogFactory  - Logging initialized using 'class org.apache.ibatis.logging.log4j.Log4jImpl' adapter.
2018-10-29 14:42:01,752 120    [           main] DEBUG source.pooled.PooledDataSource  - PooledDataSource forcefully closed/removed all connections.
2018-10-29 14:42:01,752 120    [           main] DEBUG source.pooled.PooledDataSource  - PooledDataSource forcefully closed/removed all connections.
2018-10-29 14:42:01,753 121    [           main] DEBUG source.pooled.PooledDataSource  - PooledDataSource forcefully closed/removed all connections.
2018-10-29 14:42:01,753 121    [           main] DEBUG source.pooled.PooledDataSource  - PooledDataSource forcefully closed/removed all connections.
2018-10-29 14:42:01,869 237    [           main] DEBUG ansaction.jdbc.JdbcTransaction  - Opening JDBC Connection
2018-10-29 14:42:02,145 513    [           main] DEBUG source.pooled.PooledDataSource  - Created connection 93199773.
2018-10-29 14:42:02,145 513    [           main] DEBUG ansaction.jdbc.JdbcTransaction  - Setting autocommit to false on JDBC Connection [com.mysql.jdbc.JDBC4Connection@58e1d9d]
2018-10-29 14:42:02,149 517    [           main] DEBUG cn.gandan.dao.UserDao.saveUser  - ==>  Preparing: INSERT INTO USER (username, address, sex, birthday) VALUE (?, ?, ?, ?) 
2018-10-29 14:42:02,234 602    [           main] DEBUG cn.gandan.dao.UserDao.saveUser  - ==> Parameters: 盛利(String), 天仙女(String), 仙(String), 2018-10-29 14:42:01.856(Timestamp)
2018-10-29 14:42:02,284 652    [           main] DEBUG cn.gandan.dao.UserDao.saveUser  - <==    Updates: 1
2018-10-29 14:42:02,285 653    [           main] DEBUG ansaction.jdbc.JdbcTransaction  - Committing JDBC Connection [com.mysql.jdbc.JDBC4Connection@58e1d9d]
2018-10-29 14:42:02,434 802    [           main] DEBUG ansaction.jdbc.JdbcTransaction  - Resetting autocommit to true on JDBC Connection [com.mysql.jdbc.JDBC4Connection@58e1d9d]
2018-10-29 14:42:02,434 802    [           main] DEBUG ansaction.jdbc.JdbcTransaction  - Closing JDBC Connection [com.mysql.jdbc.JDBC4Connection@58e1d9d]
2018-10-29 14:42:02,435 803    [           main] DEBUG source.pooled.PooledDataSource  - Returned connection 93199773 to pool.
2018-10-29 14:42:07,620 0      [           main] DEBUG ache.ibatis.logging.LogFactory  - Logging initialized using 'class org.apache.ibatis.logging.log4j.Log4jImpl' adapter.
2018-10-29 14:42:07,747 127    [           main] DEBUG source.pooled.PooledDataSource  - PooledDataSource forcefully closed/removed all connections.
2018-10-29 14:42:07,747 127    [           main] DEBUG source.pooled.PooledDataSource  - PooledDataSource forcefully closed/removed all connections.
2018-10-29 14:42:07,747 127    [           main] DEBUG source.pooled.PooledDataSource  - PooledDataSource forcefully closed/removed all connections.
2018-10-29 14:42:07,747 127    [           main] DEBUG source.pooled.PooledDataSource  - PooledDataSource forcefully closed/removed all connections.
2018-10-29 14:42:07,831 211    [           main] DEBUG ansaction.jdbc.JdbcTransaction  - Opening JDBC Connection
2018-10-29 14:42:08,109 489    [           main] DEBUG source.pooled.PooledDataSource  - Created connection 684566052.
2018-10-29 14:42:08,109 489    [           main] DEBUG ansaction.jdbc.JdbcTransaction  - Setting autocommit to false on JDBC Connection [com.mysql.jdbc.JDBC4Connection@28cda624]
2018-10-29 14:42:08,112 492    [           main] DEBUG  cn.gandan.dao.UserDao.findAll  - ==>  Preparing: SELECT * FROM USER 
2018-10-29 14:42:08,160 540    [           main] DEBUG  cn.gandan.dao.UserDao.findAll  - ==> Parameters: 
2018-10-29 14:42:08,195 575    [           main] DEBUG  cn.gandan.dao.UserDao.findAll  - <==      Total: 7
2018-10-29 14:42:08,201 581    [           main] DEBUG ansaction.jdbc.JdbcTransaction  - Resetting autocommit to true on JDBC Connection [com.mysql.jdbc.JDBC4Connection@28cda624]
2018-10-29 14:42:08,202 582    [           main] DEBUG ansaction.jdbc.JdbcTransaction  - Closing JDBC Connection [com.mysql.jdbc.JDBC4Connection@28cda624]
2018-10-29 14:42:08,202 582    [           main] DEBUG source.pooled.PooledDataSource  - Returned connection 684566052 to pool.
2018-10-29 15:04:30,319 0      [           main] DEBUG ache.ibatis.logging.LogFactory  - Logging initialized using 'class org.apache.ibatis.logging.log4j.Log4jImpl' adapter.
2018-10-29 15:04:30,453 134    [           main] DEBUG source.pooled.PooledDataSource  - PooledDataSource forcefully closed/removed all connections.
2018-10-29 15:04:30,453 134    [           main] DEBUG source.pooled.PooledDataSource  - PooledDataSource forcefully closed/removed all connections.
2018-10-29 15:04:30,453 134    [           main] DEBUG source.pooled.PooledDataSource  - PooledDataSource forcefully closed/removed all connections.
2018-10-29 15:04:30,453 134    [           main] DEBUG source.pooled.PooledDataSource  - PooledDataSource forcefully closed/removed all connections.
2018-10-29 15:04:30,551 232    [           main] DEBUG ansaction.jdbc.JdbcTransaction  - Opening JDBC Connection
2018-10-29 15:04:30,812 493    [           main] DEBUG source.pooled.PooledDataSource  - Created connection 352367347.
2018-10-29 15:04:30,812 493    [           main] DEBUG ansaction.jdbc.JdbcTransaction  - Setting autocommit to false on JDBC Connection [com.mysql.jdbc.JDBC4Connection@1500b2f3]
2018-10-29 15:04:30,814 495    [           main] DEBUG  cn.gandan.dao.UserDao.findAll  - ==>  Preparing: SELECT * FROM USER 
2018-10-29 15:04:30,859 540    [           main] DEBUG  cn.gandan.dao.UserDao.findAll  - ==> Parameters: 
2018-10-29 15:04:30,899 580    [           main] DEBUG  cn.gandan.dao.UserDao.findAll  - <==      Total: 7
2018-10-29 15:04:30,905 586    [           main] DEBUG ansaction.jdbc.JdbcTransaction  - Resetting autocommit to true on JDBC Connection [com.mysql.jdbc.JDBC4Connection@1500b2f3]
2018-10-29 15:04:30,906 587    [           main] DEBUG ansaction.jdbc.JdbcTransaction  - Closing JDBC Connection [com.mysql.jdbc.JDBC4Connection@1500b2f3]
2018-10-29 15:04:30,906 587    [           main] DEBUG source.pooled.PooledDataSource  - Returned connection 352367347 to pool.
2018-10-29 15:04:42,263 0      [           main] DEBUG ache.ibatis.logging.LogFactory  - Logging initialized using 'class org.apache.ibatis.logging.log4j.Log4jImpl' adapter.
2018-10-29 15:04:42,389 126    [           main] DEBUG source.pooled.PooledDataSource  - PooledDataSource forcefully closed/removed all connections.
2018-10-29 15:04:42,389 126    [           main] DEBUG source.pooled.PooledDataSource  - PooledDataSource forcefully closed/removed all connections.
2018-10-29 15:04:42,389 126    [           main] DEBUG source.pooled.PooledDataSource  - PooledDataSource forcefully closed/removed all connections.
2018-10-29 15:04:42,390 127    [           main] DEBUG source.pooled.PooledDataSource  - PooledDataSource forcefully closed/removed all connections.
2018-10-29 15:04:42,501 238    [           main] DEBUG ansaction.jdbc.JdbcTransaction  - Opening JDBC Connection
2018-10-29 15:04:42,772 509    [           main] DEBUG source.pooled.PooledDataSource  - Created connection 1147805316.
2018-10-29 15:04:42,772 509    [           main] DEBUG ansaction.jdbc.JdbcTransaction  - Setting autocommit to false on JDBC Connection [com.mysql.jdbc.JDBC4Connection@446a1e84]
2018-10-29 15:04:42,774 511    [           main] DEBUG .gandan.dao.UserDao.updateUser  - ==>  Preparing: UPDATE USER username = ?, address = ?, sex = ?, birthday = ? WHERE id = ? 
2018-10-29 15:04:42,840 577    [           main] DEBUG .gandan.dao.UserDao.updateUser  - ==> Parameters: 爆米花(String), 天上仙女(String), 仙(String), 2018-10-29 15:04:42.483(Timestamp), 48(Integer)
2018-10-29 15:04:42,870 607    [           main] DEBUG ansaction.jdbc.JdbcTransaction  - Committing JDBC Connection [com.mysql.jdbc.JDBC4Connection@446a1e84]
2018-10-29 15:04:42,871 608    [           main] DEBUG ansaction.jdbc.JdbcTransaction  - Resetting autocommit to true on JDBC Connection [com.mysql.jdbc.JDBC4Connection@446a1e84]
2018-10-29 15:04:42,871 608    [           main] DEBUG ansaction.jdbc.JdbcTransaction  - Closing JDBC Connection [com.mysql.jdbc.JDBC4Connection@446a1e84]
2018-10-29 15:04:42,871 608    [           main] DEBUG source.pooled.PooledDataSource  - Returned connection 1147805316 to pool.
2018-10-29 15:07:37,850 0      [           main] DEBUG ache.ibatis.logging.LogFactory  - Logging initialized using 'class org.apache.ibatis.logging.log4j.Log4jImpl' adapter.
2018-10-29 15:07:37,994 144    [           main] DEBUG source.pooled.PooledDataSource  - PooledDataSource forcefully closed/removed all connections.
2018-10-29 15:07:37,994 144    [           main] DEBUG source.pooled.PooledDataSource  - PooledDataSource forcefully closed/removed all connections.
2018-10-29 15:07:37,994 144    [           main] DEBUG source.pooled.PooledDataSource  - PooledDataSource forcefully closed/removed all connections.
2018-10-29 15:07:37,994 144    [           main] DEBUG source.pooled.PooledDataSource  - PooledDataSource forcefully closed/removed all connections.
2018-10-29 15:07:38,082 232    [           main] DEBUG ansaction.jdbc.JdbcTransaction  - Opening JDBC Connection
2018-10-29 15:07:38,361 511    [           main] DEBUG source.pooled.PooledDataSource  - Created connection 1147805316.
2018-10-29 15:07:38,361 511    [           main] DEBUG ansaction.jdbc.JdbcTransaction  - Setting autocommit to false on JDBC Connection [com.mysql.jdbc.JDBC4Connection@446a1e84]
2018-10-29 15:07:38,364 514    [           main] DEBUG .gandan.dao.UserDao.updateUser  - ==>  Preparing: UPDATE USER SET username = ?, address = ?, sex = ?, birthday = ? WHERE id = ? 
2018-10-29 15:07:38,442 592    [           main] DEBUG .gandan.dao.UserDao.updateUser  - ==> Parameters: 爆米花(String), 天上仙女(String), 仙(String), 2018-10-29 15:07:38.07(Timestamp), 48(Integer)
2018-10-29 15:07:38,587 737    [           main] DEBUG .gandan.dao.UserDao.updateUser  - <==    Updates: 1
2018-10-29 15:07:38,588 738    [           main] DEBUG ansaction.jdbc.JdbcTransaction  - Committing JDBC Connection [com.mysql.jdbc.JDBC4Connection@446a1e84]
2018-10-29 15:07:38,650 800    [           main] DEBUG ansaction.jdbc.JdbcTransaction  - Resetting autocommit to true on JDBC Connection [com.mysql.jdbc.JDBC4Connection@446a1e84]
2018-10-29 15:07:38,650 800    [           main] DEBUG ansaction.jdbc.JdbcTransaction  - Closing JDBC Connection [com.mysql.jdbc.JDBC4Connection@446a1e84]
2018-10-29 15:07:38,650 800    [           main] DEBUG source.pooled.PooledDataSource  - Returned connection 1147805316 to pool.
2018-10-29 15:07:43,871 0      [           main] DEBUG ache.ibatis.logging.LogFactory  - Logging initialized using 'class org.apache.ibatis.logging.log4j.Log4jImpl' adapter.
2018-10-29 15:07:43,994 123    [           main] DEBUG source.pooled.PooledDataSource  - PooledDataSource forcefully closed/removed all connections.
2018-10-29 15:07:43,994 123    [           main] DEBUG source.pooled.PooledDataSource  - PooledDataSource forcefully closed/removed all connections.
2018-10-29 15:07:43,995 124    [           main] DEBUG source.pooled.PooledDataSource  - PooledDataSource forcefully closed/removed all connections.
2018-10-29 15:07:43,997 126    [           main] DEBUG source.pooled.PooledDataSource  - PooledDataSource forcefully closed/removed all connections.
2018-10-29 15:07:44,137 266    [           main] DEBUG ansaction.jdbc.JdbcTransaction  - Opening JDBC Connection
2018-10-29 15:07:44,426 555    [           main] DEBUG source.pooled.PooledDataSource  - Created connection 352367347.
2018-10-29 15:07:44,426 555    [           main] DEBUG ansaction.jdbc.JdbcTransaction  - Setting autocommit to false on JDBC Connection [com.mysql.jdbc.JDBC4Connection@1500b2f3]
2018-10-29 15:07:44,428 557    [           main] DEBUG  cn.gandan.dao.UserDao.findAll  - ==>  Preparing: SELECT * FROM USER 
2018-10-29 15:07:44,467 596    [           main] DEBUG  cn.gandan.dao.UserDao.findAll  - ==> Parameters: 
2018-10-29 15:07:44,495 624    [           main] DEBUG  cn.gandan.dao.UserDao.findAll  - <==      Total: 7
2018-10-29 15:07:44,502 631    [           main] DEBUG ansaction.jdbc.JdbcTransaction  - Resetting autocommit to true on JDBC Connection [com.mysql.jdbc.JDBC4Connection@1500b2f3]
2018-10-29 15:07:44,503 632    [           main] DEBUG ansaction.jdbc.JdbcTransaction  - Closing JDBC Connection [com.mysql.jdbc.JDBC4Connection@1500b2f3]
2018-10-29 15:07:44,503 632    [           main] DEBUG source.pooled.PooledDataSource  - Returned connection 352367347 to pool.
2018-10-29 15:12:20,265 0      [           main] DEBUG ache.ibatis.logging.LogFactory  - Logging initialized using 'class org.apache.ibatis.logging.log4j.Log4jImpl' adapter.
2018-10-29 15:12:20,415 150    [           main] DEBUG source.pooled.PooledDataSource  - PooledDataSource forcefully closed/removed all connections.
2018-10-29 15:12:20,415 150    [           main] DEBUG source.pooled.PooledDataSource  - PooledDataSource forcefully closed/removed all connections.
2018-10-29 15:12:20,415 150    [           main] DEBUG source.pooled.PooledDataSource  - PooledDataSource forcefully closed/removed all connections.
2018-10-29 15:12:20,415 150    [           main] DEBUG source.pooled.PooledDataSource  - PooledDataSource forcefully closed/removed all connections.
2018-10-29 15:12:20,562 297    [           main] DEBUG ansaction.jdbc.JdbcTransaction  - Opening JDBC Connection
2018-10-29 15:12:20,853 588    [           main] DEBUG source.pooled.PooledDataSource  - Created connection 1326393666.
2018-10-29 15:12:20,854 589    [           main] DEBUG ansaction.jdbc.JdbcTransaction  - Setting autocommit to false on JDBC Connection [com.mysql.jdbc.JDBC4Connection@4f0f2942]
2018-10-29 15:12:20,856 591    [           main] DEBUG .gandan.dao.UserDao.deleteUser  - ==>  Preparing: DELETE FROM USER WHERE id = ? 
2018-10-29 15:12:20,890 625    [           main] DEBUG .gandan.dao.UserDao.deleteUser  - ==> Parameters: 48(Integer)
2018-10-29 15:12:20,958 693    [           main] DEBUG .gandan.dao.UserDao.deleteUser  - <==    Updates: 1
2018-10-29 15:12:20,958 693    [           main] DEBUG ansaction.jdbc.JdbcTransaction  - Committing JDBC Connection [com.mysql.jdbc.JDBC4Connection@4f0f2942]
2018-10-29 15:12:20,998 733    [           main] DEBUG ansaction.jdbc.JdbcTransaction  - Resetting autocommit to true on JDBC Connection [com.mysql.jdbc.JDBC4Connection@4f0f2942]
2018-10-29 15:12:20,999 734    [           main] DEBUG ansaction.jdbc.JdbcTransaction  - Closing JDBC Connection [com.mysql.jdbc.JDBC4Connection@4f0f2942]
2018-10-29 15:12:20,999 734    [           main] DEBUG source.pooled.PooledDataSource  - Returned connection 1326393666 to pool.
2018-10-29 15:12:27,604 0      [           main] DEBUG ache.ibatis.logging.LogFactory  - Logging initialized using 'class org.apache.ibatis.logging.log4j.Log4jImpl' adapter.
2018-10-29 15:12:27,747 143    [           main] DEBUG source.pooled.PooledDataSource  - PooledDataSource forcefully closed/removed all connections.
2018-10-29 15:12:27,747 143    [           main] DEBUG source.pooled.PooledDataSource  - PooledDataSource forcefully closed/removed all connections.
2018-10-29 15:12:27,747 143    [           main] DEBUG source.pooled.PooledDataSource  - PooledDataSource forcefully closed/removed all connections.
2018-10-29 15:12:27,747 143    [           main] DEBUG source.pooled.PooledDataSource  - PooledDataSource forcefully closed/removed all connections.
2018-10-29 15:12:27,835 231    [           main] DEBUG ansaction.jdbc.JdbcTransaction  - Opening JDBC Connection
2018-10-29 15:12:28,150 546    [           main] DEBUG source.pooled.PooledDataSource  - Created connection 2129442232.
2018-10-29 15:12:28,150 546    [           main] DEBUG ansaction.jdbc.JdbcTransaction  - Setting autocommit to false on JDBC Connection [com.mysql.jdbc.JDBC4Connection@7eecb5b8]
2018-10-29 15:12:28,153 549    [           main] DEBUG  cn.gandan.dao.UserDao.findAll  - ==>  Preparing: SELECT * FROM USER 
2018-10-29 15:12:28,196 592    [           main] DEBUG  cn.gandan.dao.UserDao.findAll  - ==> Parameters: 
2018-10-29 15:12:28,256 652    [           main] DEBUG  cn.gandan.dao.UserDao.findAll  - <==      Total: 6
2018-10-29 15:12:28,264 660    [           main] DEBUG ansaction.jdbc.JdbcTransaction  - Resetting autocommit to true on JDBC Connection [com.mysql.jdbc.JDBC4Connection@7eecb5b8]
2018-10-29 15:12:28,264 660    [           main] DEBUG ansaction.jdbc.JdbcTransaction  - Closing JDBC Connection [com.mysql.jdbc.JDBC4Connection@7eecb5b8]
2018-10-29 15:12:28,264 660    [           main] DEBUG source.pooled.PooledDataSource  - Returned connection 2129442232 to pool.
2018-10-29 15:28:46,294 0      [           main] DEBUG ache.ibatis.logging.LogFactory  - Logging initialized using 'class org.apache.ibatis.logging.log4j.Log4jImpl' adapter.
2018-10-29 15:28:46,500 206    [           main] DEBUG source.pooled.PooledDataSource  - PooledDataSource forcefully closed/removed all connections.
2018-10-29 15:28:46,500 206    [           main] DEBUG source.pooled.PooledDataSource  - PooledDataSource forcefully closed/removed all connections.
2018-10-29 15:28:46,500 206    [           main] DEBUG source.pooled.PooledDataSource  - PooledDataSource forcefully closed/removed all connections.
2018-10-29 15:28:46,500 206    [           main] DEBUG source.pooled.PooledDataSource  - PooledDataSource forcefully closed/removed all connections.
2018-10-29 15:28:46,684 390    [           main] DEBUG ansaction.jdbc.JdbcTransaction  - Opening JDBC Connection
2018-10-29 15:28:46,987 693    [           main] DEBUG source.pooled.PooledDataSource  - Created connection 308433917.
2018-10-29 15:28:46,987 693    [           main] DEBUG ansaction.jdbc.JdbcTransaction  - Setting autocommit to false on JDBC Connection [com.mysql.jdbc.JDBC4Connection@126253fd]
2018-10-29 15:28:46,989 695    [           main] DEBUG  cn.gandan.dao.UserDao.findAll  - ==>  Preparing: SELECT * FROM USER 
2018-10-29 15:28:47,032 738    [           main] DEBUG  cn.gandan.dao.UserDao.findAll  - ==> Parameters: 
2018-10-29 15:28:47,060 766    [           main] DEBUG  cn.gandan.dao.UserDao.findAll  - <==      Total: 6
2018-10-29 15:28:47,067 773    [           main] DEBUG ansaction.jdbc.JdbcTransaction  - Resetting autocommit to true on JDBC Connection [com.mysql.jdbc.JDBC4Connection@126253fd]
2018-10-29 15:28:47,067 773    [           main] DEBUG ansaction.jdbc.JdbcTransaction  - Closing JDBC Connection [com.mysql.jdbc.JDBC4Connection@126253fd]
2018-10-29 15:28:47,067 773    [           main] DEBUG source.pooled.PooledDataSource  - Returned connection 308433917 to pool.
2018-10-29 15:28:59,465 0      [           main] DEBUG ache.ibatis.logging.LogFactory  - Logging initialized using 'class org.apache.ibatis.logging.log4j.Log4jImpl' adapter.
2018-10-29 15:28:59,621 156    [           main] DEBUG source.pooled.PooledDataSource  - PooledDataSource forcefully closed/removed all connections.
2018-10-29 15:28:59,621 156    [           main] DEBUG source.pooled.PooledDataSource  - PooledDataSource forcefully closed/removed all connections.
2018-10-29 15:28:59,621 156    [           main] DEBUG source.pooled.PooledDataSource  - PooledDataSource forcefully closed/removed all connections.
2018-10-29 15:28:59,621 156    [           main] DEBUG source.pooled.PooledDataSource  - PooledDataSource forcefully closed/removed all connections.
2018-10-29 15:28:59,740 275    [           main] DEBUG ansaction.jdbc.JdbcTransaction  - Opening JDBC Connection
2018-10-29 15:29:00,024 559    [           main] DEBUG source.pooled.PooledDataSource  - Created connection 1552326679.
2018-10-29 15:29:00,024 559    [           main] DEBUG ansaction.jdbc.JdbcTransaction  - Setting autocommit to false on JDBC Connection [com.mysql.jdbc.JDBC4Connection@5c86a017]
2018-10-29 15:29:00,027 562    [           main] DEBUG cn.gandan.dao.UserDao.findById  - ==>  Preparing: SELECT * FROM USER WHERE id = ? 
2018-10-29 15:29:00,067 602    [           main] DEBUG cn.gandan.dao.UserDao.findById  - ==> Parameters: 49(Integer)
2018-10-29 15:29:00,116 651    [           main] DEBUG cn.gandan.dao.UserDao.findById  - <==      Total: 1
2018-10-29 15:29:00,122 657    [           main] DEBUG ansaction.jdbc.JdbcTransaction  - Resetting autocommit to true on JDBC Connection [com.mysql.jdbc.JDBC4Connection@5c86a017]
2018-10-29 15:29:00,122 657    [           main] DEBUG ansaction.jdbc.JdbcTransaction  - Closing JDBC Connection [com.mysql.jdbc.JDBC4Connection@5c86a017]
2018-10-29 15:29:00,122 657    [           main] DEBUG source.pooled.PooledDataSource  - Returned connection 1552326679 to pool.
2018-10-29 15:32:45,413 0      [           main] DEBUG ache.ibatis.logging.LogFactory  - Logging initialized using 'class org.apache.ibatis.logging.log4j.Log4jImpl' adapter.
2018-10-29 15:32:45,651 238    [           main] DEBUG source.pooled.PooledDataSource  - PooledDataSource forcefully closed/removed all connections.
2018-10-29 15:32:45,651 238    [           main] DEBUG source.pooled.PooledDataSource  - PooledDataSource forcefully closed/removed all connections.
2018-10-29 15:32:45,652 239    [           main] DEBUG source.pooled.PooledDataSource  - PooledDataSource forcefully closed/removed all connections.
2018-10-29 15:32:45,652 239    [           main] DEBUG source.pooled.PooledDataSource  - PooledDataSource forcefully closed/removed all connections.
2018-10-29 15:32:45,760 347    [           main] DEBUG ansaction.jdbc.JdbcTransaction  - Opening JDBC Connection
2018-10-29 15:32:46,054 641    [           main] DEBUG source.pooled.PooledDataSource  - Created connection 1551629761.
2018-10-29 15:32:46,054 641    [           main] DEBUG ansaction.jdbc.JdbcTransaction  - Setting autocommit to false on JDBC Connection [com.mysql.jdbc.JDBC4Connection@5c7bfdc1]
2018-10-29 15:32:46,057 644    [           main] DEBUG .gandan.dao.UserDao.findByUser  - ==>  Preparing: SELECT * FROM USER WHERE username LIKE ? 
2018-10-29 15:32:46,109 696    [           main] DEBUG .gandan.dao.UserDao.findByUser  - ==> Parameters: %王%(String)
2018-10-29 15:32:46,164 751    [           main] DEBUG .gandan.dao.UserDao.findByUser  - <==      Total: 4
2018-10-29 15:32:46,170 757    [           main] DEBUG ansaction.jdbc.JdbcTransaction  - Resetting autocommit to true on JDBC Connection [com.mysql.jdbc.JDBC4Connection@5c7bfdc1]
2018-10-29 15:32:46,170 757    [           main] DEBUG ansaction.jdbc.JdbcTransaction  - Closing JDBC Connection [com.mysql.jdbc.JDBC4Connection@5c7bfdc1]
2018-10-29 15:32:46,170 757    [           main] DEBUG source.pooled.PooledDataSource  - Returned connection 1551629761 to pool.
2018-10-29 15:43:31,663 0      [           main] DEBUG ache.ibatis.logging.LogFactory  - Logging initialized using 'class org.apache.ibatis.logging.log4j.Log4jImpl' adapter.
2018-10-29 15:43:31,799 136    [           main] DEBUG source.pooled.PooledDataSource  - PooledDataSource forcefully closed/removed all connections.
2018-10-29 15:43:31,799 136    [           main] DEBUG source.pooled.PooledDataSource  - PooledDataSource forcefully closed/removed all connections.
2018-10-29 15:43:31,799 136    [           main] DEBUG source.pooled.PooledDataSource  - PooledDataSource forcefully closed/removed all connections.
2018-10-29 15:43:31,801 138    [           main] DEBUG source.pooled.PooledDataSource  - PooledDataSource forcefully closed/removed all connections.
2018-10-29 15:43:31,962 299    [           main] DEBUG ansaction.jdbc.JdbcTransaction  - Opening JDBC Connection
2018-10-29 15:43:32,259 596    [           main] DEBUG source.pooled.PooledDataSource  - Created connection 1197251633.
2018-10-29 15:43:32,259 596    [           main] DEBUG ansaction.jdbc.JdbcTransaction  - Setting autocommit to false on JDBC Connection [com.mysql.jdbc.JDBC4Connection@475c9c31]
2018-10-29 15:43:32,261 598    [           main] DEBUG n.gandan.dao.UserDao.findTotal  - ==>  Preparing: SELECT COUNT(id) FROM USER 
2018-10-29 15:43:32,317 654    [           main] DEBUG n.gandan.dao.UserDao.findTotal  - ==> Parameters: 
2018-10-29 15:43:32,390 727    [           main] DEBUG n.gandan.dao.UserDao.findTotal  - <==      Total: 1
2018-10-29 15:43:32,391 728    [           main] DEBUG ansaction.jdbc.JdbcTransaction  - Resetting autocommit to true on JDBC Connection [com.mysql.jdbc.JDBC4Connection@475c9c31]
2018-10-29 15:43:32,391 728    [           main] DEBUG ansaction.jdbc.JdbcTransaction  - Closing JDBC Connection [com.mysql.jdbc.JDBC4Connection@475c9c31]
2018-10-29 15:43:32,391 728    [           main] DEBUG source.pooled.PooledDataSource  - Returned connection 1197251633 to pool.
2018-10-29 15:58:53,170 1      [           main] DEBUG ache.ibatis.logging.LogFactory  - Logging initialized using 'class org.apache.ibatis.logging.log4j.Log4jImpl' adapter.
2018-10-29 15:58:53,288 119    [           main] DEBUG source.pooled.PooledDataSource  - PooledDataSource forcefully closed/removed all connections.
2018-10-29 15:58:53,288 119    [           main] DEBUG source.pooled.PooledDataSource  - PooledDataSource forcefully closed/removed all connections.
2018-10-29 15:58:53,288 119    [           main] DEBUG source.pooled.PooledDataSource  - PooledDataSource forcefully closed/removed all connections.
2018-10-29 15:58:53,288 119    [           main] DEBUG source.pooled.PooledDataSource  - PooledDataSource forcefully closed/removed all connections.
2018-10-29 15:58:53,398 229    [           main] DEBUG ansaction.jdbc.JdbcTransaction  - Opening JDBC Connection
2018-10-29 15:58:53,679 510    [           main] DEBUG source.pooled.PooledDataSource  - Created connection 2142565033.
2018-10-29 15:58:53,679 510    [           main] DEBUG ansaction.jdbc.JdbcTransaction  - Setting autocommit to false on JDBC Connection [com.mysql.jdbc.JDBC4Connection@7fb4f2a9]
2018-10-29 15:58:53,681 512    [           main] DEBUG cn.gandan.dao.UserDao.saveUser  - ==>  Preparing: INSERT INTO USER (username, address, sex, birthday) VALUE (?, ?, ?, ?); 
2018-10-29 15:58:53,771 602    [           main] DEBUG cn.gandan.dao.UserDao.saveUser  - ==> Parameters: 盛利(String), 天仙女(String), 仙(String), 2018-10-29 15:58:53.369(Timestamp)
2018-10-29 15:58:53,788 619    [           main] DEBUG cn.gandan.dao.UserDao.saveUser  - <==    Updates: 1
2018-10-29 15:58:53,790 621    [           main] DEBUG dao.UserDao.saveUser!selectKey  - ==>  Preparing: SELECT last_insert_id(); 
2018-10-29 15:58:53,790 621    [           main] DEBUG dao.UserDao.saveUser!selectKey  - ==> Parameters: 
2018-10-29 15:58:53,871 702    [           main] DEBUG dao.UserDao.saveUser!selectKey  - <==      Total: 1
2018-10-29 15:58:53,872 703    [           main] DEBUG ansaction.jdbc.JdbcTransaction  - Committing JDBC Connection [com.mysql.jdbc.JDBC4Connection@7fb4f2a9]
2018-10-29 15:58:53,919 750    [           main] DEBUG ansaction.jdbc.JdbcTransaction  - Resetting autocommit to true on JDBC Connection [com.mysql.jdbc.JDBC4Connection@7fb4f2a9]
2018-10-29 15:58:53,920 751    [           main] DEBUG ansaction.jdbc.JdbcTransaction  - Closing JDBC Connection [com.mysql.jdbc.JDBC4Connection@7fb4f2a9]
2018-10-29 15:58:53,921 752    [           main] DEBUG source.pooled.PooledDataSource  - Returned connection 2142565033 to pool.
2018-10-29 16:28:17,557 0      [           main] DEBUG ache.ibatis.logging.LogFactory  - Logging initialized using 'class org.apache.ibatis.logging.log4j.Log4jImpl' adapter.
2018-10-29 16:28:17,678 121    [           main] DEBUG source.pooled.PooledDataSource  - PooledDataSource forcefully closed/removed all connections.
2018-10-29 16:28:17,679 122    [           main] DEBUG source.pooled.PooledDataSource  - PooledDataSource forcefully closed/removed all connections.
2018-10-29 16:28:17,679 122    [           main] DEBUG source.pooled.PooledDataSource  - PooledDataSource forcefully closed/removed all connections.
2018-10-29 16:28:17,679 122    [           main] DEBUG source.pooled.PooledDataSource  - PooledDataSource forcefully closed/removed all connections.
2018-10-29 16:28:17,794 237    [           main] DEBUG ansaction.jdbc.JdbcTransaction  - Opening JDBC Connection
2018-10-29 16:28:18,083 526    [           main] DEBUG source.pooled.PooledDataSource  - Created connection 2113748097.
2018-10-29 16:28:18,083 526    [           main] DEBUG ansaction.jdbc.JdbcTransaction  - Setting autocommit to false on JDBC Connection [com.mysql.jdbc.JDBC4Connection@7dfd3c81]
2018-10-29 16:28:18,087 530    [           main] DEBUG andan.dao.UserDao.findUserByVo  - ==>  Preparing: SELECT * FROM USER WHERE username like ? 
2018-10-29 16:28:18,133 576    [           main] DEBUG andan.dao.UserDao.findUserByVo  - ==> Parameters: %王%(String)
2018-10-29 16:28:18,176 619    [           main] DEBUG andan.dao.UserDao.findUserByVo  - <==      Total: 4
2018-10-29 16:28:18,182 625    [           main] DEBUG ansaction.jdbc.JdbcTransaction  - Resetting autocommit to true on JDBC Connection [com.mysql.jdbc.JDBC4Connection@7dfd3c81]
2018-10-29 16:28:18,183 626    [           main] DEBUG ansaction.jdbc.JdbcTransaction  - Closing JDBC Connection [com.mysql.jdbc.JDBC4Connection@7dfd3c81]
2018-10-29 16:28:18,183 626    [           main] DEBUG source.pooled.PooledDataSource  - Returned connection 2113748097 to pool.
2018-10-29 16:30:17,709 0      [           main] DEBUG ache.ibatis.logging.LogFactory  - Logging initialized using 'class org.apache.ibatis.logging.log4j.Log4jImpl' adapter.
2018-10-29 16:30:17,847 138    [           main] DEBUG source.pooled.PooledDataSource  - PooledDataSource forcefully closed/removed all connections.
2018-10-29 16:30:17,847 138    [           main] DEBUG source.pooled.PooledDataSource  - PooledDataSource forcefully closed/removed all connections.
2018-10-29 16:30:17,847 138    [           main] DEBUG source.pooled.PooledDataSource  - PooledDataSource forcefully closed/removed all connections.
2018-10-29 16:30:17,847 138    [           main] DEBUG source.pooled.PooledDataSource  - PooledDataSource forcefully closed/removed all connections.
2018-10-29 16:30:17,945 236    [           main] DEBUG ansaction.jdbc.JdbcTransaction  - Opening JDBC Connection
2018-10-29 16:30:18,268 559    [           main] DEBUG source.pooled.PooledDataSource  - Created connection 2113748097.
2018-10-29 16:30:18,269 560    [           main] DEBUG ansaction.jdbc.JdbcTransaction  - Setting autocommit to false on JDBC Connection [com.mysql.jdbc.JDBC4Connection@7dfd3c81]
2018-10-29 16:30:18,272 563    [           main] DEBUG andan.dao.UserDao.findUserByVo  - ==>  Preparing: SELECT * FROM USER WHERE username like ? 
2018-10-29 16:30:18,321 612    [           main] DEBUG andan.dao.UserDao.findUserByVo  - ==> Parameters: %王%(String)
2018-10-29 16:30:18,350 641    [           main] DEBUG andan.dao.UserDao.findUserByVo  - <==      Total: 4
2018-10-29 16:30:18,357 648    [           main] DEBUG ansaction.jdbc.JdbcTransaction  - Resetting autocommit to true on JDBC Connection [com.mysql.jdbc.JDBC4Connection@7dfd3c81]
2018-10-29 16:30:18,357 648    [           main] DEBUG ansaction.jdbc.JdbcTransaction  - Closing JDBC Connection [com.mysql.jdbc.JDBC4Connection@7dfd3c81]
2018-10-29 16:30:18,357 648    [           main] DEBUG source.pooled.PooledDataSource  - Returned connection 2113748097 to pool.
2018-10-29 17:40:09,952 0      [           main] DEBUG ache.ibatis.logging.LogFactory  - Logging initialized using 'class org.apache.ibatis.logging.log4j.Log4jImpl' adapter.
2018-10-29 17:40:10,513 561    [           main] DEBUG source.pooled.PooledDataSource  - PooledDataSource forcefully closed/removed all connections.
2018-10-29 17:40:10,513 561    [           main] DEBUG source.pooled.PooledDataSource  - PooledDataSource forcefully closed/removed all connections.
2018-10-29 17:40:10,513 561    [           main] DEBUG source.pooled.PooledDataSource  - PooledDataSource forcefully closed/removed all connections.
2018-10-29 17:40:10,513 561    [           main] DEBUG source.pooled.PooledDataSource  - PooledDataSource forcefully closed/removed all connections.
2018-10-29 17:40:10,687 735    [           main] DEBUG ansaction.jdbc.JdbcTransaction  - Opening JDBC Connection
2018-10-29 17:40:11,167 1215   [           main] DEBUG source.pooled.PooledDataSource  - Created connection 1766869737.
2018-10-29 17:40:11,168 1216   [           main] DEBUG ansaction.jdbc.JdbcTransaction  - Setting autocommit to false on JDBC Connection [com.mysql.jdbc.JDBC4Connection@69504ae9]
2018-10-29 17:40:11,189 1237   [           main] DEBUG  cn.gandan.dao.UserDao.findAll  - ==>  Preparing: SELECT * FROM USER 
2018-10-29 17:40:11,246 1294   [           main] DEBUG  cn.gandan.dao.UserDao.findAll  - ==> Parameters: 
2018-10-29 17:40:11,342 1390   [           main] DEBUG  cn.gandan.dao.UserDao.findAll  - <==      Total: 7
2018-10-29 17:49:30,150 0      [           main] DEBUG ache.ibatis.logging.LogFactory  - Logging initialized using 'class org.apache.ibatis.logging.log4j.Log4jImpl' adapter.
2018-10-29 17:49:30,292 142    [           main] DEBUG source.pooled.PooledDataSource  - PooledDataSource forcefully closed/removed all connections.
2018-10-29 17:49:30,292 142    [           main] DEBUG source.pooled.PooledDataSource  - PooledDataSource forcefully closed/removed all connections.
2018-10-29 17:49:30,292 142    [           main] DEBUG source.pooled.PooledDataSource  - PooledDataSource forcefully closed/removed all connections.
2018-10-29 17:49:30,292 142    [           main] DEBUG source.pooled.PooledDataSource  - PooledDataSource forcefully closed/removed all connections.
2018-10-29 17:49:30,387 237    [           main] DEBUG ansaction.jdbc.JdbcTransaction  - Opening JDBC Connection
2018-10-29 17:49:30,676 526    [           main] DEBUG source.pooled.PooledDataSource  - Created connection 1899600175.
2018-10-29 17:49:30,676 526    [           main] DEBUG ansaction.jdbc.JdbcTransaction  - Setting autocommit to false on JDBC Connection [com.mysql.jdbc.JDBC4Connection@7139992f]
2018-10-29 17:49:30,679 529    [           main] DEBUG  cn.gandan.dao.UserDao.findAll  - ==>  Preparing: SELECT * FROM USER 
2018-10-29 17:49:30,723 573    [           main] DEBUG  cn.gandan.dao.UserDao.findAll  - ==> Parameters: 
2018-10-29 17:49:30,764 614    [           main] DEBUG  cn.gandan.dao.UserDao.findAll  - <==      Total: 7
2018-10-29 17:49:30,765 615    [           main] DEBUG ansaction.jdbc.JdbcTransaction  - Resetting autocommit to true on JDBC Connection [com.mysql.jdbc.JDBC4Connection@7139992f]
2018-10-29 17:49:30,765 615    [           main] DEBUG ansaction.jdbc.JdbcTransaction  - Closing JDBC Connection [com.mysql.jdbc.JDBC4Connection@7139992f]
2018-10-29 17:49:30,765 615    [           main] DEBUG source.pooled.PooledDataSource  - Returned connection 1899600175 to pool.
2018-10-29 17:49:54,420 0      [           main] DEBUG ache.ibatis.logging.LogFactory  - Logging initialized using 'class org.apache.ibatis.logging.log4j.Log4jImpl' adapter.
2018-10-29 17:49:54,535 115    [           main] DEBUG source.pooled.PooledDataSource  - PooledDataSource forcefully closed/removed all connections.
2018-10-29 17:49:54,535 115    [           main] DEBUG source.pooled.PooledDataSource  - PooledDataSource forcefully closed/removed all connections.
2018-10-29 17:49:54,535 115    [           main] DEBUG source.pooled.PooledDataSource  - PooledDataSource forcefully closed/removed all connections.
2018-10-29 17:49:54,535 115    [           main] DEBUG source.pooled.PooledDataSource  - PooledDataSource forcefully closed/removed all connections.
2018-10-29 17:49:54,673 253    [           main] DEBUG ansaction.jdbc.JdbcTransaction  - Opening JDBC Connection
2018-10-29 17:49:54,952 532    [           main] DEBUG source.pooled.PooledDataSource  - Created connection 1766869737.
2018-10-29 17:49:54,952 532    [           main] DEBUG ansaction.jdbc.JdbcTransaction  - Setting autocommit to false on JDBC Connection [com.mysql.jdbc.JDBC4Connection@69504ae9]
2018-10-29 17:49:54,955 535    [           main] DEBUG cn.gandan.dao.UserDao.saveUser  - ==>  Preparing: INSERT INTO USER (username, address, sex, birthday) VALUE (?, ?, ?, ?); 
2018-10-29 17:49:55,148 728    [           main] DEBUG cn.gandan.dao.UserDao.saveUser  - ==> Parameters: 盛利(String), 天仙女(String), 仙(String), 2018-10-29 17:49:54.649(Timestamp)
2018-10-29 17:49:55,180 760    [           main] DEBUG cn.gandan.dao.UserDao.saveUser  - <==    Updates: 1
2018-10-29 17:49:55,182 762    [           main] DEBUG dao.UserDao.saveUser!selectKey  - ==>  Preparing: SELECT last_insert_id(); 
2018-10-29 17:49:55,183 763    [           main] DEBUG dao.UserDao.saveUser!selectKey  - ==> Parameters: 
2018-10-29 17:49:55,205 785    [           main] DEBUG dao.UserDao.saveUser!selectKey  - <==      Total: 1
2018-10-29 17:50:06,381 0      [           main] DEBUG ache.ibatis.logging.LogFactory  - Logging initialized using 'class org.apache.ibatis.logging.log4j.Log4jImpl' adapter.
2018-10-29 17:50:06,524 143    [           main] DEBUG source.pooled.PooledDataSource  - PooledDataSource forcefully closed/removed all connections.
2018-10-29 17:50:06,524 143    [           main] DEBUG source.pooled.PooledDataSource  - PooledDataSource forcefully closed/removed all connections.
2018-10-29 17:50:06,524 143    [           main] DEBUG source.pooled.PooledDataSource  - PooledDataSource forcefully closed/removed all connections.
2018-10-29 17:50:06,524 143    [           main] DEBUG source.pooled.PooledDataSource  - PooledDataSource forcefully closed/removed all connections.
2018-10-29 17:50:06,613 232    [           main] DEBUG ansaction.jdbc.JdbcTransaction  - Opening JDBC Connection
2018-10-29 17:50:06,901 520    [           main] DEBUG source.pooled.PooledDataSource  - Created connection 1899600175.
2018-10-29 17:50:06,902 521    [           main] DEBUG ansaction.jdbc.JdbcTransaction  - Setting autocommit to false on JDBC Connection [com.mysql.jdbc.JDBC4Connection@7139992f]
2018-10-29 17:50:06,904 523    [           main] DEBUG  cn.gandan.dao.UserDao.findAll  - ==>  Preparing: SELECT * FROM USER 
2018-10-29 17:50:06,950 569    [           main] DEBUG  cn.gandan.dao.UserDao.findAll  - ==> Parameters: 
2018-10-29 17:50:07,005 624    [           main] DEBUG  cn.gandan.dao.UserDao.findAll  - <==      Total: 7
2018-10-29 17:50:07,006 625    [           main] DEBUG ansaction.jdbc.JdbcTransaction  - Resetting autocommit to true on JDBC Connection [com.mysql.jdbc.JDBC4Connection@7139992f]
2018-10-29 17:50:07,007 626    [           main] DEBUG ansaction.jdbc.JdbcTransaction  - Closing JDBC Connection [com.mysql.jdbc.JDBC4Connection@7139992f]
2018-10-29 17:50:07,007 626    [           main] DEBUG source.pooled.PooledDataSource  - Returned connection 1899600175 to pool.
2018-10-29 17:50:26,426 0      [           main] DEBUG ache.ibatis.logging.LogFactory  - Logging initialized using 'class org.apache.ibatis.logging.log4j.Log4jImpl' adapter.
2018-10-29 17:50:26,551 125    [           main] DEBUG source.pooled.PooledDataSource  - PooledDataSource forcefully closed/removed all connections.
2018-10-29 17:50:26,552 126    [           main] DEBUG source.pooled.PooledDataSource  - PooledDataSource forcefully closed/removed all connections.
2018-10-29 17:50:26,552 126    [           main] DEBUG source.pooled.PooledDataSource  - PooledDataSource forcefully closed/removed all connections.
2018-10-29 17:50:26,552 126    [           main] DEBUG source.pooled.PooledDataSource  - PooledDataSource forcefully closed/removed all connections.
2018-10-29 17:50:26,646 220    [           main] DEBUG ansaction.jdbc.JdbcTransaction  - Opening JDBC Connection
2018-10-29 17:50:26,936 510    [           main] DEBUG source.pooled.PooledDataSource  - Created connection 1899600175.
2018-10-29 17:50:26,937 511    [           main] DEBUG ansaction.jdbc.JdbcTransaction  - Setting autocommit to false on JDBC Connection [com.mysql.jdbc.JDBC4Connection@7139992f]
2018-10-29 17:50:26,939 513    [           main] DEBUG  cn.gandan.dao.UserDao.findAll  - ==>  Preparing: SELECT * FROM USER 
2018-10-29 17:50:26,976 550    [           main] DEBUG  cn.gandan.dao.UserDao.findAll  - ==> Parameters: 
2018-10-29 17:50:27,015 589    [           main] DEBUG  cn.gandan.dao.UserDao.findAll  - <==      Total: 7
2018-10-29 17:50:27,016 590    [           main] DEBUG ansaction.jdbc.JdbcTransaction  - Resetting autocommit to true on JDBC Connection [com.mysql.jdbc.JDBC4Connection@7139992f]
2018-10-29 17:50:27,016 590    [           main] DEBUG ansaction.jdbc.JdbcTransaction  - Closing JDBC Connection [com.mysql.jdbc.JDBC4Connection@7139992f]
2018-10-29 17:50:27,017 591    [           main] DEBUG source.pooled.PooledDataSource  - Returned connection 1899600175 to pool.
2018-10-29 17:51:49,931 0      [           main] DEBUG ache.ibatis.logging.LogFactory  - Logging initialized using 'class org.apache.ibatis.logging.log4j.Log4jImpl' adapter.
2018-10-29 17:51:50,077 146    [           main] DEBUG source.pooled.PooledDataSource  - PooledDataSource forcefully closed/removed all connections.
2018-10-29 17:51:50,077 146    [           main] DEBUG source.pooled.PooledDataSource  - PooledDataSource forcefully closed/removed all connections.
2018-10-29 17:51:50,077 146    [           main] DEBUG source.pooled.PooledDataSource  - PooledDataSource forcefully closed/removed all connections.
2018-10-29 17:51:50,077 146    [           main] DEBUG source.pooled.PooledDataSource  - PooledDataSource forcefully closed/removed all connections.
2018-10-29 17:51:50,213 282    [           main] DEBUG ansaction.jdbc.JdbcTransaction  - Opening JDBC Connection
2018-10-29 17:51:50,509 578    [           main] DEBUG source.pooled.PooledDataSource  - Created connection 1766869737.
2018-10-29 17:51:50,509 578    [           main] DEBUG ansaction.jdbc.JdbcTransaction  - Setting autocommit to false on JDBC Connection [com.mysql.jdbc.JDBC4Connection@69504ae9]
2018-10-29 17:51:50,512 581    [           main] DEBUG cn.gandan.dao.UserDao.saveUser  - ==>  Preparing: INSERT INTO USER (username, address, sex, birthday) VALUE (?, ?, ?, ?); 
2018-10-29 17:51:50,599 668    [           main] DEBUG cn.gandan.dao.UserDao.saveUser  - ==> Parameters: 盛利(String), 天仙女(String), 仙(String), 2018-10-29 17:51:50.199(Timestamp)
2018-10-29 17:51:50,601 670    [           main] DEBUG cn.gandan.dao.UserDao.saveUser  - <==    Updates: 1
2018-10-29 17:51:50,605 674    [           main] DEBUG dao.UserDao.saveUser!selectKey  - ==>  Preparing: SELECT last_insert_id(); 
2018-10-29 17:51:50,605 674    [           main] DEBUG dao.UserDao.saveUser!selectKey  - ==> Parameters: 
2018-10-29 17:51:50,639 708    [           main] DEBUG dao.UserDao.saveUser!selectKey  - <==      Total: 1
2018-10-29 17:51:56,158 0      [           main] DEBUG ache.ibatis.logging.LogFactory  - Logging initialized using 'class org.apache.ibatis.logging.log4j.Log4jImpl' adapter.
2018-10-29 17:51:56,283 125    [           main] DEBUG source.pooled.PooledDataSource  - PooledDataSource forcefully closed/removed all connections.
2018-10-29 17:51:56,283 125    [           main] DEBUG source.pooled.PooledDataSource  - PooledDataSource forcefully closed/removed all connections.
2018-10-29 17:51:56,283 125    [           main] DEBUG source.pooled.PooledDataSource  - PooledDataSource forcefully closed/removed all connections.
2018-10-29 17:51:56,283 125    [           main] DEBUG source.pooled.PooledDataSource  - PooledDataSource forcefully closed/removed all connections.
2018-10-29 17:51:56,377 219    [           main] DEBUG ansaction.jdbc.JdbcTransaction  - Opening JDBC Connection
2018-10-29 17:51:56,654 496    [           main] DEBUG source.pooled.PooledDataSource  - Created connection 1899600175.
2018-10-29 17:51:56,655 497    [           main] DEBUG ansaction.jdbc.JdbcTransaction  - Setting autocommit to false on JDBC Connection [com.mysql.jdbc.JDBC4Connection@7139992f]
2018-10-29 17:51:56,657 499    [           main] DEBUG  cn.gandan.dao.UserDao.findAll  - ==>  Preparing: SELECT * FROM USER 
2018-10-29 17:51:56,702 544    [           main] DEBUG  cn.gandan.dao.UserDao.findAll  - ==> Parameters: 
2018-10-29 17:51:56,733 575    [           main] DEBUG  cn.gandan.dao.UserDao.findAll  - <==      Total: 7
2018-10-29 17:51:56,735 577    [           main] DEBUG ansaction.jdbc.JdbcTransaction  - Resetting autocommit to true on JDBC Connection [com.mysql.jdbc.JDBC4Connection@7139992f]
2018-10-29 17:51:56,735 577    [           main] DEBUG ansaction.jdbc.JdbcTransaction  - Closing JDBC Connection [com.mysql.jdbc.JDBC4Connection@7139992f]
2018-10-29 17:51:56,735 577    [           main] DEBUG source.pooled.PooledDataSource  - Returned connection 1899600175 to pool.
2018-10-29 17:53:43,856 0      [           main] DEBUG ache.ibatis.logging.LogFactory  - Logging initialized using 'class org.apache.ibatis.logging.log4j.Log4jImpl' adapter.
2018-10-29 17:53:43,982 126    [           main] DEBUG source.pooled.PooledDataSource  - PooledDataSource forcefully closed/removed all connections.
2018-10-29 17:53:43,982 126    [           main] DEBUG source.pooled.PooledDataSource  - PooledDataSource forcefully closed/removed all connections.
2018-10-29 17:53:43,982 126    [           main] DEBUG source.pooled.PooledDataSource  - PooledDataSource forcefully closed/removed all connections.
2018-10-29 17:53:43,982 126    [           main] DEBUG source.pooled.PooledDataSource  - PooledDataSource forcefully closed/removed all connections.
2018-10-29 17:53:44,083 227    [           main] DEBUG ansaction.jdbc.JdbcTransaction  - Opening JDBC Connection
2018-10-29 17:53:44,384 528    [           main] DEBUG source.pooled.PooledDataSource  - Created connection 1766869737.
2018-10-29 17:53:44,384 528    [           main] DEBUG ansaction.jdbc.JdbcTransaction  - Setting autocommit to false on JDBC Connection [com.mysql.jdbc.JDBC4Connection@69504ae9]
2018-10-29 17:53:44,387 531    [           main] DEBUG cn.gandan.dao.UserDao.saveUser  - ==>  Preparing: INSERT INTO USER (username, address, sex, birthday) VALUE (?, ?, ?, ?); 
2018-10-29 17:53:44,452 596    [           main] DEBUG cn.gandan.dao.UserDao.saveUser  - ==> Parameters: 盛利(String), 天仙女(String), 仙(String), 2018-10-29 17:53:44.071(Timestamp)
2018-10-29 17:53:44,453 597    [           main] DEBUG cn.gandan.dao.UserDao.saveUser  - <==    Updates: 1
2018-10-29 17:53:44,456 600    [           main] DEBUG dao.UserDao.saveUser!selectKey  - ==>  Preparing: SELECT last_insert_id(); 
2018-10-29 17:53:44,457 601    [           main] DEBUG dao.UserDao.saveUser!selectKey  - ==> Parameters: 
2018-10-29 17:53:44,489 633    [           main] DEBUG dao.UserDao.saveUser!selectKey  - <==      Total: 1
2018-10-29 17:53:44,490 634    [           main] DEBUG ansaction.jdbc.JdbcTransaction  - Committing JDBC Connection [com.mysql.jdbc.JDBC4Connection@69504ae9]
2018-10-29 17:53:44,514 658    [           main] DEBUG ansaction.jdbc.JdbcTransaction  - Resetting autocommit to true on JDBC Connection [com.mysql.jdbc.JDBC4Connection@69504ae9]
2018-10-29 17:53:44,515 659    [           main] DEBUG ansaction.jdbc.JdbcTransaction  - Closing JDBC Connection [com.mysql.jdbc.JDBC4Connection@69504ae9]
2018-10-29 17:53:44,515 659    [           main] DEBUG source.pooled.PooledDataSource  - Returned connection 1766869737 to pool.
2018-10-29 17:53:54,998 0      [           main] DEBUG ache.ibatis.logging.LogFactory  - Logging initialized using 'class org.apache.ibatis.logging.log4j.Log4jImpl' adapter.
2018-10-29 17:53:55,119 121    [           main] DEBUG source.pooled.PooledDataSource  - PooledDataSource forcefully closed/removed all connections.
2018-10-29 17:53:55,119 121    [           main] DEBUG source.pooled.PooledDataSource  - PooledDataSource forcefully closed/removed all connections.
2018-10-29 17:53:55,119 121    [           main] DEBUG source.pooled.PooledDataSource  - PooledDataSource forcefully closed/removed all connections.
2018-10-29 17:53:55,119 121    [           main] DEBUG source.pooled.PooledDataSource  - PooledDataSource forcefully closed/removed all connections.
2018-10-29 17:53:55,238 240    [           main] DEBUG ansaction.jdbc.JdbcTransaction  - Opening JDBC Connection
2018-10-29 17:53:55,525 527    [           main] DEBUG source.pooled.PooledDataSource  - Created connection 1766869737.
2018-10-29 17:53:55,526 528    [           main] DEBUG ansaction.jdbc.JdbcTransaction  - Setting autocommit to false on JDBC Connection [com.mysql.jdbc.JDBC4Connection@69504ae9]
2018-10-29 17:53:55,529 531    [           main] DEBUG  cn.gandan.dao.UserDao.findAll  - ==>  Preparing: SELECT * FROM USER 
2018-10-29 17:53:55,587 589    [           main] DEBUG  cn.gandan.dao.UserDao.findAll  - ==> Parameters: 
2018-10-29 17:53:55,615 617    [           main] DEBUG  cn.gandan.dao.UserDao.findAll  - <==      Total: 8
2018-10-29 17:53:55,615 617    [           main] DEBUG ansaction.jdbc.JdbcTransaction  - Resetting autocommit to true on JDBC Connection [com.mysql.jdbc.JDBC4Connection@69504ae9]
2018-10-29 17:53:55,616 618    [           main] DEBUG ansaction.jdbc.JdbcTransaction  - Closing JDBC Connection [com.mysql.jdbc.JDBC4Connection@69504ae9]
2018-10-29 17:53:55,616 618    [           main] DEBUG source.pooled.PooledDataSource  - Returned connection 1766869737 to pool.
2018-10-29 17:56:48,649 0      [           main] DEBUG ache.ibatis.logging.LogFactory  - Logging initialized using 'class org.apache.ibatis.logging.log4j.Log4jImpl' adapter.
2018-10-29 17:56:48,805 156    [           main] DEBUG source.pooled.PooledDataSource  - PooledDataSource forcefully closed/removed all connections.
2018-10-29 17:56:48,805 156    [           main] DEBUG source.pooled.PooledDataSource  - PooledDataSource forcefully closed/removed all connections.
2018-10-29 17:56:48,805 156    [           main] DEBUG source.pooled.PooledDataSource  - PooledDataSource forcefully closed/removed all connections.
2018-10-29 17:56:48,806 157    [           main] DEBUG source.pooled.PooledDataSource  - PooledDataSource forcefully closed/removed all connections.
2018-10-29 17:56:48,934 285    [           main] DEBUG ansaction.jdbc.JdbcTransaction  - Opening JDBC Connection
2018-10-29 17:56:49,226 577    [           main] DEBUG source.pooled.PooledDataSource  - Created connection 554348863.
2018-10-29 17:56:49,226 577    [           main] DEBUG ansaction.jdbc.JdbcTransaction  - Setting autocommit to false on JDBC Connection [com.mysql.jdbc.JDBC4Connection@210ab13f]
2018-10-29 17:56:49,229 580    [           main] DEBUG .gandan.dao.UserDao.updateUser  - ==>  Preparing: UPDATE USER SET username = ?, address = ?, sex = ?, birthday = ? WHERE id = ?; 
2018-10-29 17:56:49,311 662    [           main] DEBUG .gandan.dao.UserDao.updateUser  - ==> Parameters: 爆米花(String), 天上仙女(String), 仙(String), 2018-10-29 17:56:48.923(Timestamp), 50(Integer)
2018-10-29 17:56:49,329 680    [           main] DEBUG .gandan.dao.UserDao.updateUser  - <==    Updates: 1
2018-10-29 17:56:49,329 680    [           main] DEBUG ansaction.jdbc.JdbcTransaction  - Committing JDBC Connection [com.mysql.jdbc.JDBC4Connection@210ab13f]
2018-10-29 17:56:49,388 739    [           main] DEBUG ansaction.jdbc.JdbcTransaction  - Resetting autocommit to true on JDBC Connection [com.mysql.jdbc.JDBC4Connection@210ab13f]
2018-10-29 17:56:49,388 739    [           main] DEBUG ansaction.jdbc.JdbcTransaction  - Closing JDBC Connection [com.mysql.jdbc.JDBC4Connection@210ab13f]
2018-10-29 17:56:49,388 739    [           main] DEBUG source.pooled.PooledDataSource  - Returned connection 554348863 to pool.
2018-10-29 17:56:56,265 0      [           main] DEBUG ache.ibatis.logging.LogFactory  - Logging initialized using 'class org.apache.ibatis.logging.log4j.Log4jImpl' adapter.
2018-10-29 17:56:56,403 138    [           main] DEBUG source.pooled.PooledDataSource  - PooledDataSource forcefully closed/removed all connections.
2018-10-29 17:56:56,403 138    [           main] DEBUG source.pooled.PooledDataSource  - PooledDataSource forcefully closed/removed all connections.
2018-10-29 17:56:56,404 139    [           main] DEBUG source.pooled.PooledDataSource  - PooledDataSource forcefully closed/removed all connections.
2018-10-29 17:56:56,404 139    [           main] DEBUG source.pooled.PooledDataSource  - PooledDataSource forcefully closed/removed all connections.
2018-10-29 17:56:56,569 304    [           main] DEBUG ansaction.jdbc.JdbcTransaction  - Opening JDBC Connection
2018-10-29 17:56:56,867 602    [           main] DEBUG source.pooled.PooledDataSource  - Created connection 1899600175.
2018-10-29 17:56:56,867 602    [           main] DEBUG ansaction.jdbc.JdbcTransaction  - Setting autocommit to false on JDBC Connection [com.mysql.jdbc.JDBC4Connection@7139992f]
2018-10-29 17:56:56,869 604    [           main] DEBUG  cn.gandan.dao.UserDao.findAll  - ==>  Preparing: SELECT * FROM USER 
2018-10-29 17:56:56,923 658    [           main] DEBUG  cn.gandan.dao.UserDao.findAll  - ==> Parameters: 
2018-10-29 17:56:56,956 691    [           main] DEBUG  cn.gandan.dao.UserDao.findAll  - <==      Total: 8
2018-10-29 17:56:56,957 692    [           main] DEBUG ansaction.jdbc.JdbcTransaction  - Resetting autocommit to true on JDBC Connection [com.mysql.jdbc.JDBC4Connection@7139992f]
2018-10-29 17:56:56,958 693    [           main] DEBUG ansaction.jdbc.JdbcTransaction  - Closing JDBC Connection [com.mysql.jdbc.JDBC4Connection@7139992f]
2018-10-29 17:56:56,958 693    [           main] DEBUG source.pooled.PooledDataSource  - Returned connection 1899600175 to pool.
2018-10-29 17:58:28,308 0      [           main] DEBUG ache.ibatis.logging.LogFactory  - Logging initialized using 'class org.apache.ibatis.logging.log4j.Log4jImpl' adapter.
2018-10-29 17:58:28,562 254    [           main] DEBUG source.pooled.PooledDataSource  - PooledDataSource forcefully closed/removed all connections.
2018-10-29 17:58:28,562 254    [           main] DEBUG source.pooled.PooledDataSource  - PooledDataSource forcefully closed/removed all connections.
2018-10-29 17:58:28,562 254    [           main] DEBUG source.pooled.PooledDataSource  - PooledDataSource forcefully closed/removed all connections.
2018-10-29 17:58:28,562 254    [           main] DEBUG source.pooled.PooledDataSource  - PooledDataSource forcefully closed/removed all connections.
2018-10-29 17:58:28,863 0      [           main] DEBUG ache.ibatis.logging.LogFactory  - Logging initialized using 'class org.apache.ibatis.logging.log4j.Log4jImpl' adapter.
2018-10-29 17:58:28,951 643    [           main] DEBUG ansaction.jdbc.JdbcTransaction  - Opening JDBC Connection
2018-10-29 17:58:29,078 215    [           main] DEBUG source.pooled.PooledDataSource  - PooledDataSource forcefully closed/removed all connections.
2018-10-29 17:58:29,078 215    [           main] DEBUG source.pooled.PooledDataSource  - PooledDataSource forcefully closed/removed all connections.
2018-10-29 17:58:29,079 216    [           main] DEBUG source.pooled.PooledDataSource  - PooledDataSource forcefully closed/removed all connections.
2018-10-29 17:58:29,079 216    [           main] DEBUG source.pooled.PooledDataSource  - PooledDataSource forcefully closed/removed all connections.
2018-10-29 17:58:29,199 336    [           main] DEBUG ansaction.jdbc.JdbcTransaction  - Opening JDBC Connection
2018-10-29 17:58:29,312 1004   [           main] DEBUG source.pooled.PooledDataSource  - Created connection 554348863.
2018-10-29 17:58:29,313 1005   [           main] DEBUG ansaction.jdbc.JdbcTransaction  - Setting autocommit to false on JDBC Connection [com.mysql.jdbc.JDBC4Connection@210ab13f]
2018-10-29 17:58:29,315 1007   [           main] DEBUG .gandan.dao.UserDao.deleteUser  - ==>  Preparing: DELETE FROM USER WHERE id = ?; 
2018-10-29 17:58:29,359 1051   [           main] DEBUG .gandan.dao.UserDao.deleteUser  - ==> Parameters: 53(Integer)
2018-10-29 17:58:29,359 1051   [           main] DEBUG .gandan.dao.UserDao.deleteUser  - <==    Updates: 1
2018-10-29 17:58:29,360 1052   [           main] DEBUG ansaction.jdbc.JdbcTransaction  - Committing JDBC Connection [com.mysql.jdbc.JDBC4Connection@210ab13f]
2018-10-29 17:58:29,482 1174   [           main] DEBUG ansaction.jdbc.JdbcTransaction  - Resetting autocommit to true on JDBC Connection [com.mysql.jdbc.JDBC4Connection@210ab13f]
2018-10-29 17:58:29,482 1174   [           main] DEBUG ansaction.jdbc.JdbcTransaction  - Closing JDBC Connection [com.mysql.jdbc.JDBC4Connection@210ab13f]
2018-10-29 17:58:29,482 1174   [           main] DEBUG source.pooled.PooledDataSource  - Returned connection 554348863 to pool.
2018-10-29 17:58:29,665 802    [           main] DEBUG source.pooled.PooledDataSource  - Created connection 1297189682.
2018-10-29 17:58:29,666 803    [           main] DEBUG ansaction.jdbc.JdbcTransaction  - Setting autocommit to false on JDBC Connection [com.mysql.jdbc.JDBC4Connection@4d518b32]
2018-10-29 17:58:29,668 805    [           main] DEBUG .gandan.dao.UserDao.deleteUser  - ==>  Preparing: DELETE FROM USER WHERE id = ?; 
2018-10-29 17:58:29,709 846    [           main] DEBUG .gandan.dao.UserDao.deleteUser  - ==> Parameters: 53(Integer)
2018-10-29 17:58:29,710 847    [           main] DEBUG .gandan.dao.UserDao.deleteUser  - <==    Updates: 0
2018-10-29 17:58:29,710 847    [           main] DEBUG ansaction.jdbc.JdbcTransaction  - Committing JDBC Connection [com.mysql.jdbc.JDBC4Connection@4d518b32]
2018-10-29 17:58:29,710 847    [           main] DEBUG ansaction.jdbc.JdbcTransaction  - Resetting autocommit to true on JDBC Connection [com.mysql.jdbc.JDBC4Connection@4d518b32]
2018-10-29 17:58:29,711 848    [           main] DEBUG ansaction.jdbc.JdbcTransaction  - Closing JDBC Connection [com.mysql.jdbc.JDBC4Connection@4d518b32]
2018-10-29 17:58:29,711 848    [           main] DEBUG source.pooled.PooledDataSource  - Returned connection 1297189682 to pool.
2018-10-29 17:58:43,918 0      [           main] DEBUG ache.ibatis.logging.LogFactory  - Logging initialized using 'class org.apache.ibatis.logging.log4j.Log4jImpl' adapter.
2018-10-29 17:58:44,048 130    [           main] DEBUG source.pooled.PooledDataSource  - PooledDataSource forcefully closed/removed all connections.
2018-10-29 17:58:44,050 132    [           main] DEBUG source.pooled.PooledDataSource  - PooledDataSource forcefully closed/removed all connections.
2018-10-29 17:58:44,050 132    [           main] DEBUG source.pooled.PooledDataSource  - PooledDataSource forcefully closed/removed all connections.
2018-10-29 17:58:44,051 133    [           main] DEBUG source.pooled.PooledDataSource  - PooledDataSource forcefully closed/removed all connections.
2018-10-29 17:58:44,143 225    [           main] DEBUG ansaction.jdbc.JdbcTransaction  - Opening JDBC Connection
2018-10-29 17:58:44,446 528    [           main] DEBUG source.pooled.PooledDataSource  - Created connection 1899600175.
2018-10-29 17:58:44,447 529    [           main] DEBUG ansaction.jdbc.JdbcTransaction  - Setting autocommit to false on JDBC Connection [com.mysql.jdbc.JDBC4Connection@7139992f]
2018-10-29 17:58:44,450 532    [           main] DEBUG  cn.gandan.dao.UserDao.findAll  - ==>  Preparing: SELECT * FROM USER 
2018-10-29 17:58:44,500 582    [           main] DEBUG  cn.gandan.dao.UserDao.findAll  - ==> Parameters: 
2018-10-29 17:58:44,528 610    [           main] DEBUG  cn.gandan.dao.UserDao.findAll  - <==      Total: 7
2018-10-29 17:58:44,529 611    [           main] DEBUG ansaction.jdbc.JdbcTransaction  - Resetting autocommit to true on JDBC Connection [com.mysql.jdbc.JDBC4Connection@7139992f]
2018-10-29 17:58:44,529 611    [           main] DEBUG ansaction.jdbc.JdbcTransaction  - Closing JDBC Connection [com.mysql.jdbc.JDBC4Connection@7139992f]
2018-10-29 17:58:44,529 611    [           main] DEBUG source.pooled.PooledDataSource  - Returned connection 1899600175 to pool.
2018-10-29 18:00:50,817 0      [           main] DEBUG ache.ibatis.logging.LogFactory  - Logging initialized using 'class org.apache.ibatis.logging.log4j.Log4jImpl' adapter.
2018-10-29 18:00:51,111 294    [           main] DEBUG source.pooled.PooledDataSource  - PooledDataSource forcefully closed/removed all connections.
2018-10-29 18:00:51,112 295    [           main] DEBUG source.pooled.PooledDataSource  - PooledDataSource forcefully closed/removed all connections.
2018-10-29 18:00:51,112 295    [           main] DEBUG source.pooled.PooledDataSource  - PooledDataSource forcefully closed/removed all connections.
2018-10-29 18:00:51,112 295    [           main] DEBUG source.pooled.PooledDataSource  - PooledDataSource forcefully closed/removed all connections.
2018-10-29 18:00:51,228 411    [           main] DEBUG ansaction.jdbc.JdbcTransaction  - Opening JDBC Connection
2018-10-29 18:00:51,586 769    [           main] DEBUG source.pooled.PooledDataSource  - Created connection 1899600175.
2018-10-29 18:00:51,587 770    [           main] DEBUG ansaction.jdbc.JdbcTransaction  - Setting autocommit to false on JDBC Connection [com.mysql.jdbc.JDBC4Connection@7139992f]
2018-10-29 18:00:51,590 773    [           main] DEBUG cn.gandan.dao.UserDao.findById  - ==>  Preparing: SELECT * FROM USER WHERE id = ?; 
2018-10-29 18:00:51,669 852    [           main] DEBUG cn.gandan.dao.UserDao.findById  - ==> Parameters: 49(Integer)
2018-10-29 18:00:51,711 894    [           main] DEBUG cn.gandan.dao.UserDao.findById  - <==      Total: 1
2018-10-29 18:00:51,712 895    [           main] DEBUG ansaction.jdbc.JdbcTransaction  - Resetting autocommit to true on JDBC Connection [com.mysql.jdbc.JDBC4Connection@7139992f]
2018-10-29 18:00:51,712 895    [           main] DEBUG ansaction.jdbc.JdbcTransaction  - Closing JDBC Connection [com.mysql.jdbc.JDBC4Connection@7139992f]
2018-10-29 18:00:51,712 895    [           main] DEBUG source.pooled.PooledDataSource  - Returned connection 1899600175 to pool.
2018-10-29 18:02:18,087 0      [           main] DEBUG ache.ibatis.logging.LogFactory  - Logging initialized using 'class org.apache.ibatis.logging.log4j.Log4jImpl' adapter.
2018-10-29 18:02:18,231 144    [           main] DEBUG source.pooled.PooledDataSource  - PooledDataSource forcefully closed/removed all connections.
2018-10-29 18:02:18,231 144    [           main] DEBUG source.pooled.PooledDataSource  - PooledDataSource forcefully closed/removed all connections.
2018-10-29 18:02:18,231 144    [           main] DEBUG source.pooled.PooledDataSource  - PooledDataSource forcefully closed/removed all connections.
2018-10-29 18:02:18,231 144    [           main] DEBUG source.pooled.PooledDataSource  - PooledDataSource forcefully closed/removed all connections.
2018-10-29 18:02:18,341 254    [           main] DEBUG ansaction.jdbc.JdbcTransaction  - Opening JDBC Connection
2018-10-29 18:02:18,604 517    [           main] DEBUG source.pooled.PooledDataSource  - Created connection 1899600175.
2018-10-29 18:02:18,605 518    [           main] DEBUG ansaction.jdbc.JdbcTransaction  - Setting autocommit to false on JDBC Connection [com.mysql.jdbc.JDBC4Connection@7139992f]
2018-10-29 18:02:18,607 520    [           main] DEBUG .gandan.dao.UserDao.findByUser  - ==>  Preparing: SELECT * FROM USER WHERE username LIKE ?; 
2018-10-29 18:02:18,659 572    [           main] DEBUG .gandan.dao.UserDao.findByUser  - ==> Parameters: %王%(String)
2018-10-29 18:02:18,692 605    [           main] DEBUG .gandan.dao.UserDao.findByUser  - <==      Total: 4
2018-10-29 18:02:18,693 606    [           main] DEBUG ansaction.jdbc.JdbcTransaction  - Resetting autocommit to true on JDBC Connection [com.mysql.jdbc.JDBC4Connection@7139992f]
2018-10-29 18:02:18,693 606    [           main] DEBUG ansaction.jdbc.JdbcTransaction  - Closing JDBC Connection [com.mysql.jdbc.JDBC4Connection@7139992f]
2018-10-29 18:02:18,693 606    [           main] DEBUG source.pooled.PooledDataSource  - Returned connection 1899600175 to pool.
2018-10-29 18:04:05,669 0      [           main] DEBUG ache.ibatis.logging.LogFactory  - Logging initialized using 'class org.apache.ibatis.logging.log4j.Log4jImpl' adapter.
2018-10-29 18:04:05,820 151    [           main] DEBUG source.pooled.PooledDataSource  - PooledDataSource forcefully closed/removed all connections.
2018-10-29 18:04:05,820 151    [           main] DEBUG source.pooled.PooledDataSource  - PooledDataSource forcefully closed/removed all connections.
2018-10-29 18:04:05,820 151    [           main] DEBUG source.pooled.PooledDataSource  - PooledDataSource forcefully closed/removed all connections.
2018-10-29 18:04:05,820 151    [           main] DEBUG source.pooled.PooledDataSource  - PooledDataSource forcefully closed/removed all connections.
2018-10-29 18:04:05,931 262    [           main] DEBUG ansaction.jdbc.JdbcTransaction  - Opening JDBC Connection
2018-10-29 18:04:06,242 573    [           main] DEBUG source.pooled.PooledDataSource  - Created connection 1899600175.
2018-10-29 18:04:06,242 573    [           main] DEBUG ansaction.jdbc.JdbcTransaction  - Setting autocommit to false on JDBC Connection [com.mysql.jdbc.JDBC4Connection@7139992f]
2018-10-29 18:04:06,246 577    [           main] DEBUG n.gandan.dao.UserDao.findTotal  - ==>  Preparing: SELECT COUNT(id) FROM USER; 
2018-10-29 18:04:06,307 638    [           main] DEBUG n.gandan.dao.UserDao.findTotal  - ==> Parameters: 
2018-10-29 18:04:06,328 659    [           main] DEBUG n.gandan.dao.UserDao.findTotal  - <==      Total: 1
2018-10-29 18:04:06,329 660    [           main] DEBUG ansaction.jdbc.JdbcTransaction  - Resetting autocommit to true on JDBC Connection [com.mysql.jdbc.JDBC4Connection@7139992f]
2018-10-29 18:04:06,330 661    [           main] DEBUG ansaction.jdbc.JdbcTransaction  - Closing JDBC Connection [com.mysql.jdbc.JDBC4Connection@7139992f]
2018-10-29 18:04:06,330 661    [           main] DEBUG source.pooled.PooledDataSource  - Returned connection 1899600175 to pool.
